<?xml version="1.0" encoding="UTF-8"?>
<!-- Generated by org.testng.reporters.JUnitReportReporter -->
<testsuite skipped="0" hostname="ip-172-31-28-237" name="com.main.FirstClassInMaven" tests="1" failures="0" timestamp="2022-01-30T10:10:25 UTC" time="2.359" errors="0">
  <testcase name="mathod" time="2.359" classname="com.main.FirstClassInMaven"/>
  <system-out/>
</testsuite> <!-- com.main.FirstClassInMaven -->
